<?xml version="1.0" encoding="UTF-8"?>
<!-- Generated by org.testng.reporters.JUnitXMLReporter -->
<testsuite ignored="0" hostname="LAPTOP-OMNHCN4U" failures="0" tests="4" name="Default test" time="36.312" errors="0" timestamp="2023-08-12T18:29:34 IST">
  <testcase classname="com.tutorialsninja.qa.testcases.Register" name="verifyRegisterAccountWithMandatoryField" time="1.335"/>
  <testcase classname="com.tutorialsninja.qa.testcases.Register" name="verifyRegisterAccountWithAllField" time="1.235"/>
  <testcase classname="com.tutorialsninja.qa.testcases.Register" name="verifyRegisteringAccountWithExistingEmailAddress" time="0.858"/>
  <testcase classname="com.tutorialsninja.qa.testcases.Register" name="verifyRegisteringAccountWithoutProvidingAnyDetails" time="0.487"/>
</testsuite> <!-- Default test -->
