<?xml version="1.0" encoding="UTF-8"?>
<testng-results ignored="0" total="14" passed="14" failed="0" skipped="0">
  <reporter-output>
  </reporter-output>
  <suite started-at="2023-08-13T20:51:00 IST" name="Tutorial Ninja Automation Suite" finished-at="2023-08-13T20:52:16 IST" duration-ms="76295">
    <groups>
    </groups>
    <test started-at="2023-08-13T20:51:00 IST" name="TutorialsNinja Tests" finished-at="2023-08-13T20:52:16 IST" duration-ms="76295">
      <class name="com.tutorialsninja.qa.testcases.Search">
        <test-method is-config="true" signature="setup()[pri:0, instance:com.tutorialsninja.qa.testcases.Search@13e344d]" started-at="2023-08-13T20:52:06 IST" name="setup" finished-at="2023-08-13T20:52:08 IST" duration-ms="2435" status="PASS">
          <reporter-output>
          </reporter-output>
        </test-method> <!-- setup -->
        <test-method signature="verifySearchWithValidProduct()[pri:1, instance:com.tutorialsninja.qa.testcases.Search@13e344d]" started-at="2023-08-13T20:52:08 IST" name="verifySearchWithValidProduct" finished-at="2023-08-13T20:52:10 IST" duration-ms="1321" status="PASS">
          <reporter-output>
          </reporter-output>
        </test-method> <!-- verifySearchWithValidProduct -->
        <test-method is-config="true" signature="tearDown()[pri:0, instance:com.tutorialsninja.qa.testcases.Search@13e344d]" started-at="2023-08-13T20:52:10 IST" name="tearDown" finished-at="2023-08-13T20:52:10 IST" duration-ms="258" status="PASS">
          <reporter-output>
          </reporter-output>
        </test-method> <!-- tearDown -->
        <test-method is-config="true" signature="setup()[pri:0, instance:com.tutorialsninja.qa.testcases.Search@13e344d]" started-at="2023-08-13T20:52:10 IST" name="setup" finished-at="2023-08-13T20:52:13 IST" duration-ms="2992" status="PASS">
          <reporter-output>
          </reporter-output>
        </test-method> <!-- setup -->
        <test-method signature="verifySearchWithInvalidProduct()[pri:2, instance:com.tutorialsninja.qa.testcases.Search@13e344d]" started-at="2023-08-13T20:52:13 IST" name="verifySearchWithInvalidProduct" finished-at="2023-08-13T20:52:14 IST" duration-ms="530" status="PASS">
          <reporter-output>
          </reporter-output>
        </test-method> <!-- verifySearchWithInvalidProduct -->
        <test-method is-config="true" signature="tearDown()[pri:0, instance:com.tutorialsninja.qa.testcases.Search@13e344d]" started-at="2023-08-13T20:52:14 IST" name="tearDown" finished-at="2023-08-13T20:52:14 IST" duration-ms="242" status="PASS">
          <reporter-output>
          </reporter-output>
        </test-method> <!-- tearDown -->
        <test-method is-config="true" signature="setup()[pri:0, instance:com.tutorialsninja.qa.testcases.Search@13e344d]" started-at="2023-08-13T20:52:14 IST" name="setup" finished-at="2023-08-13T20:52:16 IST" duration-ms="1990" status="PASS">
          <reporter-output>
          </reporter-output>
        </test-method> <!-- setup -->
        <test-method signature="verifySearchWithoutAnyProduct()[pri:3, instance:com.tutorialsninja.qa.testcases.Search@13e344d]" started-at="2023-08-13T20:52:16 IST" name="verifySearchWithoutAnyProduct" finished-at="2023-08-13T20:52:16 IST" duration-ms="257" status="PASS">
          <reporter-output>
          </reporter-output>
        </test-method> <!-- verifySearchWithoutAnyProduct -->
        <test-method is-config="true" signature="tearDown()[pri:0, instance:com.tutorialsninja.qa.testcases.Search@13e344d]" started-at="2023-08-13T20:52:16 IST" name="tearDown" finished-at="2023-08-13T20:52:16 IST" duration-ms="253" status="PASS">
          <reporter-output>
          </reporter-output>
        </test-method> <!-- tearDown -->
      </class> <!-- com.tutorialsninja.qa.testcases.Search -->
      <class name="com.tutorialsninja.qa.testcases.Register">
        <test-method is-config="true" signature="setup()[pri:0, instance:com.tutorialsninja.qa.testcases.Register@1b11171f]" started-at="2023-08-13T20:51:00 IST" name="setup" finished-at="2023-08-13T20:51:08 IST" duration-ms="8297" status="PASS">
          <reporter-output>
          </reporter-output>
        </test-method> <!-- setup -->
        <test-method signature="verifyRegisterAccountWithMandatoryField()[pri:1, instance:com.tutorialsninja.qa.testcases.Register@1b11171f]" started-at="2023-08-13T20:51:08 IST" name="verifyRegisterAccountWithMandatoryField" finished-at="2023-08-13T20:51:10 IST" duration-ms="1384" status="PASS">
          <reporter-output>
          </reporter-output>
        </test-method> <!-- verifyRegisterAccountWithMandatoryField -->
        <test-method is-config="true" signature="tearDown()[pri:0, instance:com.tutorialsninja.qa.testcases.Register@1b11171f]" started-at="2023-08-13T20:51:10 IST" name="tearDown" finished-at="2023-08-13T20:51:10 IST" duration-ms="330" status="PASS">
          <reporter-output>
          </reporter-output>
        </test-method> <!-- tearDown -->
        <test-method is-config="true" signature="setup()[pri:0, instance:com.tutorialsninja.qa.testcases.Register@1b11171f]" started-at="2023-08-13T20:51:10 IST" name="setup" finished-at="2023-08-13T20:51:14 IST" duration-ms="3632" status="PASS">
          <reporter-output>
          </reporter-output>
        </test-method> <!-- setup -->
        <test-method signature="verifyRegisterAccountWithAllField()[pri:2, instance:com.tutorialsninja.qa.testcases.Register@1b11171f]" started-at="2023-08-13T20:51:14 IST" name="verifyRegisterAccountWithAllField" finished-at="2023-08-13T20:51:15 IST" duration-ms="1097" status="PASS">
          <reporter-output>
          </reporter-output>
        </test-method> <!-- verifyRegisterAccountWithAllField -->
        <test-method is-config="true" signature="tearDown()[pri:0, instance:com.tutorialsninja.qa.testcases.Register@1b11171f]" started-at="2023-08-13T20:51:15 IST" name="tearDown" finished-at="2023-08-13T20:51:15 IST" duration-ms="296" status="PASS">
          <reporter-output>
          </reporter-output>
        </test-method> <!-- tearDown -->
        <test-method is-config="true" signature="setup()[pri:0, instance:com.tutorialsninja.qa.testcases.Register@1b11171f]" started-at="2023-08-13T20:51:15 IST" name="setup" finished-at="2023-08-13T20:51:23 IST" duration-ms="8189" status="PASS">
          <reporter-output>
          </reporter-output>
        </test-method> <!-- setup -->
        <test-method signature="verifyRegisteringAccountWithExistingEmailAddress()[pri:3, instance:com.tutorialsninja.qa.testcases.Register@1b11171f]" started-at="2023-08-13T20:51:23 IST" name="verifyRegisteringAccountWithExistingEmailAddress" finished-at="2023-08-13T20:51:24 IST" duration-ms="950" status="PASS">
          <reporter-output>
          </reporter-output>
        </test-method> <!-- verifyRegisteringAccountWithExistingEmailAddress -->
        <test-method is-config="true" signature="tearDown()[pri:0, instance:com.tutorialsninja.qa.testcases.Register@1b11171f]" started-at="2023-08-13T20:51:24 IST" name="tearDown" finished-at="2023-08-13T20:51:24 IST" duration-ms="287" status="PASS">
          <reporter-output>
          </reporter-output>
        </test-method> <!-- tearDown -->
        <test-method is-config="true" signature="setup()[pri:0, instance:com.tutorialsninja.qa.testcases.Register@1b11171f]" started-at="2023-08-13T20:51:24 IST" name="setup" finished-at="2023-08-13T20:51:30 IST" duration-ms="5091" status="PASS">
          <reporter-output>
          </reporter-output>
        </test-method> <!-- setup -->
        <test-method signature="verifyRegisteringAccountWithoutProvidingAnyDetails()[pri:4, instance:com.tutorialsninja.qa.testcases.Register@1b11171f]" started-at="2023-08-13T20:51:30 IST" name="verifyRegisteringAccountWithoutProvidingAnyDetails" finished-at="2023-08-13T20:51:31 IST" duration-ms="1387" status="PASS">
          <reporter-output>
          </reporter-output>
        </test-method> <!-- verifyRegisteringAccountWithoutProvidingAnyDetails -->
        <test-method is-config="true" signature="tearDown()[pri:0, instance:com.tutorialsninja.qa.testcases.Register@1b11171f]" started-at="2023-08-13T20:51:31 IST" name="tearDown" finished-at="2023-08-13T20:51:31 IST" duration-ms="266" status="PASS">
          <reporter-output>
          </reporter-output>
        </test-method> <!-- tearDown -->
      </class> <!-- com.tutorialsninja.qa.testcases.Register -->
      <class name="com.tutorialsninja.qa.testcases.Login">
        <test-method is-config="true" signature="setup()[pri:0, instance:com.tutorialsninja.qa.testcases.Login@45099dd3]" started-at="2023-08-13T20:51:32 IST" name="setup" finished-at="2023-08-13T20:51:40 IST" duration-ms="7802" status="PASS">
          <reporter-output>
          </reporter-output>
        </test-method> <!-- setup -->
        <test-method signature="verifyLoginWithValidCredentials(java.lang.String,java.lang.String)[pri:1, instance:com.tutorialsninja.qa.testcases.Login@45099dd3]" started-at="2023-08-13T20:51:40 IST" name="verifyLoginWithValidCredentials" data-provider="validCredentialsSupplyer" finished-at="2023-08-13T20:51:40 IST" duration-ms="612" status="PASS">
          <params>
            <param index="0">
              <value>
                <![CDATA[rajeshdemoaccount@gmail.com]]>
              </value>
            </param>
            <param index="1">
              <value>
                <![CDATA[God@1010]]>
              </value>
            </param>
          </params>
          <reporter-output>
          </reporter-output>
        </test-method> <!-- verifyLoginWithValidCredentials -->
        <test-method is-config="true" signature="tearDown()[pri:0, instance:com.tutorialsninja.qa.testcases.Login@45099dd3]" started-at="2023-08-13T20:51:40 IST" name="tearDown" finished-at="2023-08-13T20:51:40 IST" duration-ms="291" status="PASS">
          <reporter-output>
          </reporter-output>
        </test-method> <!-- tearDown -->
        <test-method is-config="true" signature="setup()[pri:0, instance:com.tutorialsninja.qa.testcases.Login@45099dd3]" started-at="2023-08-13T20:51:40 IST" name="setup" finished-at="2023-08-13T20:51:43 IST" duration-ms="2725" status="PASS">
          <reporter-output>
          </reporter-output>
        </test-method> <!-- setup -->
        <test-method signature="verifyLoginWithValidCredentials(java.lang.String,java.lang.String)[pri:1, instance:com.tutorialsninja.qa.testcases.Login@45099dd3]" started-at="2023-08-13T20:51:43 IST" name="verifyLoginWithValidCredentials" data-provider="validCredentialsSupplyer" finished-at="2023-08-13T20:51:44 IST" duration-ms="713" status="PASS">
          <params>
            <param index="0">
              <value>
                <![CDATA[asishdemoaccount@gmail.com]]>
              </value>
            </param>
            <param index="1">
              <value>
                <![CDATA[Good@1010]]>
              </value>
            </param>
          </params>
          <reporter-output>
          </reporter-output>
        </test-method> <!-- verifyLoginWithValidCredentials -->
        <test-method is-config="true" signature="tearDown()[pri:0, instance:com.tutorialsninja.qa.testcases.Login@45099dd3]" started-at="2023-08-13T20:51:44 IST" name="tearDown" finished-at="2023-08-13T20:51:44 IST" duration-ms="391" status="PASS">
          <reporter-output>
          </reporter-output>
        </test-method> <!-- tearDown -->
        <test-method is-config="true" signature="setup()[pri:0, instance:com.tutorialsninja.qa.testcases.Login@45099dd3]" started-at="2023-08-13T20:51:44 IST" name="setup" finished-at="2023-08-13T20:51:47 IST" duration-ms="2291" status="PASS">
          <reporter-output>
          </reporter-output>
        </test-method> <!-- setup -->
        <test-method signature="verifyLoginWithValidCredentials(java.lang.String,java.lang.String)[pri:1, instance:com.tutorialsninja.qa.testcases.Login@45099dd3]" started-at="2023-08-13T20:51:47 IST" name="verifyLoginWithValidCredentials" data-provider="validCredentialsSupplyer" finished-at="2023-08-13T20:51:47 IST" duration-ms="590" status="PASS">
          <params>
            <param index="0">
              <value>
                <![CDATA[prakashdemoaccount@gmail.com]]>
              </value>
            </param>
            <param index="1">
              <value>
                <![CDATA[Goood@1010]]>
              </value>
            </param>
          </params>
          <reporter-output>
          </reporter-output>
        </test-method> <!-- verifyLoginWithValidCredentials -->
        <test-method is-config="true" signature="tearDown()[pri:0, instance:com.tutorialsninja.qa.testcases.Login@45099dd3]" started-at="2023-08-13T20:51:47 IST" name="tearDown" finished-at="2023-08-13T20:51:47 IST" duration-ms="256" status="PASS">
          <reporter-output>
          </reporter-output>
        </test-method> <!-- tearDown -->
        <test-method is-config="true" signature="setup()[pri:0, instance:com.tutorialsninja.qa.testcases.Login@45099dd3]" started-at="2023-08-13T20:51:47 IST" name="setup" finished-at="2023-08-13T20:51:50 IST" duration-ms="2699" status="PASS">
          <reporter-output>
          </reporter-output>
        </test-method> <!-- setup -->
        <test-method signature="verifyLoginWithInvalidCredentials()[pri:2, instance:com.tutorialsninja.qa.testcases.Login@45099dd3]" started-at="2023-08-13T20:51:50 IST" name="verifyLoginWithInvalidCredentials" finished-at="2023-08-13T20:51:51 IST" duration-ms="518" status="PASS">
          <reporter-output>
          </reporter-output>
        </test-method> <!-- verifyLoginWithInvalidCredentials -->
        <test-method is-config="true" signature="tearDown()[pri:0, instance:com.tutorialsninja.qa.testcases.Login@45099dd3]" started-at="2023-08-13T20:51:51 IST" name="tearDown" finished-at="2023-08-13T20:51:51 IST" duration-ms="256" status="PASS">
          <reporter-output>
          </reporter-output>
        </test-method> <!-- tearDown -->
        <test-method is-config="true" signature="setup()[pri:0, instance:com.tutorialsninja.qa.testcases.Login@45099dd3]" started-at="2023-08-13T20:51:51 IST" name="setup" finished-at="2023-08-13T20:51:54 IST" duration-ms="3080" status="PASS">
          <reporter-output>
          </reporter-output>
        </test-method> <!-- setup -->
        <test-method signature="verifyLoginWithInvalidEmailAndValidPassword()[pri:3, instance:com.tutorialsninja.qa.testcases.Login@45099dd3]" started-at="2023-08-13T20:51:54 IST" name="verifyLoginWithInvalidEmailAndValidPassword" finished-at="2023-08-13T20:51:54 IST" duration-ms="471" status="PASS">
          <reporter-output>
          </reporter-output>
        </test-method> <!-- verifyLoginWithInvalidEmailAndValidPassword -->
        <test-method is-config="true" signature="tearDown()[pri:0, instance:com.tutorialsninja.qa.testcases.Login@45099dd3]" started-at="2023-08-13T20:51:54 IST" name="tearDown" finished-at="2023-08-13T20:51:55 IST" duration-ms="254" status="PASS">
          <reporter-output>
          </reporter-output>
        </test-method> <!-- tearDown -->
        <test-method is-config="true" signature="setup()[pri:0, instance:com.tutorialsninja.qa.testcases.Login@45099dd3]" started-at="2023-08-13T20:51:55 IST" name="setup" finished-at="2023-08-13T20:51:58 IST" duration-ms="2858" status="PASS">
          <reporter-output>
          </reporter-output>
        </test-method> <!-- setup -->
        <test-method signature="verifyLoginWithValidEmailAndInvalidPassword()[pri:4, instance:com.tutorialsninja.qa.testcases.Login@45099dd3]" started-at="2023-08-13T20:51:58 IST" name="verifyLoginWithValidEmailAndInvalidPassword" finished-at="2023-08-13T20:51:58 IST" duration-ms="493" status="PASS">
          <reporter-output>
          </reporter-output>
        </test-method> <!-- verifyLoginWithValidEmailAndInvalidPassword -->
        <test-method is-config="true" signature="tearDown()[pri:0, instance:com.tutorialsninja.qa.testcases.Login@45099dd3]" started-at="2023-08-13T20:51:58 IST" name="tearDown" finished-at="2023-08-13T20:51:58 IST" duration-ms="258" status="PASS">
          <reporter-output>
          </reporter-output>
        </test-method> <!-- tearDown -->
        <test-method is-config="true" signature="setup()[pri:0, instance:com.tutorialsninja.qa.testcases.Login@45099dd3]" started-at="2023-08-13T20:51:58 IST" name="setup" finished-at="2023-08-13T20:52:05 IST" duration-ms="7000" status="PASS">
          <reporter-output>
          </reporter-output>
        </test-method> <!-- setup -->
        <test-method signature="verifyLoginWithoutProvidingCredentials()[pri:5, instance:com.tutorialsninja.qa.testcases.Login@45099dd3]" started-at="2023-08-13T20:52:05 IST" name="verifyLoginWithoutProvidingCredentials" finished-at="2023-08-13T20:52:06 IST" duration-ms="362" status="PASS">
          <reporter-output>
          </reporter-output>
        </test-method> <!-- verifyLoginWithoutProvidingCredentials -->
        <test-method is-config="true" signature="tearDown()[pri:0, instance:com.tutorialsninja.qa.testcases.Login@45099dd3]" started-at="2023-08-13T20:52:06 IST" name="tearDown" finished-at="2023-08-13T20:52:06 IST" duration-ms="313" status="PASS">
          <reporter-output>
          </reporter-output>
        </test-method> <!-- tearDown -->
      </class> <!-- com.tutorialsninja.qa.testcases.Login -->
    </test> <!-- TutorialsNinja Tests -->
  </suite> <!-- Tutorial Ninja Automation Suite -->
</testng-results>
