<?xml version="1.0" encoding="UTF-8"?>
<testng-results ignored="0" total="14" passed="12" failed="1" skipped="1">
  <reporter-output>
  </reporter-output>
  <suite started-at="2023-08-26T18:11:09 IST" name="Tutorial Ninja Automation Suite" finished-at="2023-08-26T18:13:23 IST" duration-ms="134332">
    <groups>
    </groups>
    <test started-at="2023-08-26T18:11:09 IST" name="TutorialsNinja Tests" finished-at="2023-08-26T18:13:23 IST" duration-ms="134332">
      <class name="com.tutorialsninja.qa.testcases.RegisterTest">
        <test-method is-config="true" signature="setup()[pri:0, instance:com.tutorialsninja.qa.testcases.RegisterTest@248e319b]" started-at="2023-08-26T18:11:09 IST" name="setup" finished-at="2023-08-26T18:11:19 IST" duration-ms="9665" status="PASS">
          <reporter-output>
          </reporter-output>
        </test-method> <!-- setup -->
        <test-method signature="verifyRegisterAccountWithMandatoryField()[pri:1, instance:com.tutorialsninja.qa.testcases.RegisterTest@248e319b]" started-at="2023-08-26T18:11:19 IST" name="verifyRegisterAccountWithMandatoryField" finished-at="2023-08-26T18:11:21 IST" duration-ms="1795" status="PASS">
          <reporter-output>
          </reporter-output>
        </test-method> <!-- verifyRegisterAccountWithMandatoryField -->
        <test-method is-config="true" signature="tearDown()[pri:0, instance:com.tutorialsninja.qa.testcases.RegisterTest@248e319b]" started-at="2023-08-26T18:11:21 IST" name="tearDown" finished-at="2023-08-26T18:11:21 IST" duration-ms="255" status="PASS">
          <reporter-output>
          </reporter-output>
        </test-method> <!-- tearDown -->
        <test-method is-config="true" signature="setup()[pri:0, instance:com.tutorialsninja.qa.testcases.RegisterTest@248e319b]" started-at="2023-08-26T18:11:21 IST" name="setup" finished-at="2023-08-26T18:11:25 IST" duration-ms="3851" status="PASS">
          <reporter-output>
          </reporter-output>
        </test-method> <!-- setup -->
        <test-method signature="verifyRegisterAccountWithAllField()[pri:2, instance:com.tutorialsninja.qa.testcases.RegisterTest@248e319b]" started-at="2023-08-26T18:11:25 IST" name="verifyRegisterAccountWithAllField" finished-at="2023-08-26T18:11:27 IST" duration-ms="1964" status="PASS">
          <reporter-output>
          </reporter-output>
        </test-method> <!-- verifyRegisterAccountWithAllField -->
        <test-method is-config="true" signature="tearDown()[pri:0, instance:com.tutorialsninja.qa.testcases.RegisterTest@248e319b]" started-at="2023-08-26T18:11:27 IST" name="tearDown" finished-at="2023-08-26T18:11:27 IST" duration-ms="216" status="PASS">
          <reporter-output>
          </reporter-output>
        </test-method> <!-- tearDown -->
        <test-method is-config="true" signature="setup()[pri:0, instance:com.tutorialsninja.qa.testcases.RegisterTest@248e319b]" started-at="2023-08-26T18:11:27 IST" name="setup" finished-at="2023-08-26T18:11:34 IST" duration-ms="6772" status="PASS">
          <reporter-output>
          </reporter-output>
        </test-method> <!-- setup -->
        <test-method signature="verifyRegisteringAccountWithExistingEmailAddress()[pri:3, instance:com.tutorialsninja.qa.testcases.RegisterTest@248e319b]" started-at="2023-08-26T18:11:34 IST" name="verifyRegisteringAccountWithExistingEmailAddress" finished-at="2023-08-26T18:11:35 IST" duration-ms="908" status="PASS">
          <reporter-output>
          </reporter-output>
        </test-method> <!-- verifyRegisteringAccountWithExistingEmailAddress -->
        <test-method is-config="true" signature="tearDown()[pri:0, instance:com.tutorialsninja.qa.testcases.RegisterTest@248e319b]" started-at="2023-08-26T18:11:35 IST" name="tearDown" finished-at="2023-08-26T18:11:35 IST" duration-ms="213" status="PASS">
          <reporter-output>
          </reporter-output>
        </test-method> <!-- tearDown -->
        <test-method is-config="true" signature="setup()[pri:0, instance:com.tutorialsninja.qa.testcases.RegisterTest@248e319b]" started-at="2023-08-26T18:11:35 IST" name="setup" finished-at="2023-08-26T18:11:38 IST" duration-ms="3428" status="PASS">
          <reporter-output>
          </reporter-output>
        </test-method> <!-- setup -->
        <test-method signature="verifyRegisteringAccountWithoutProvidingAnyDetails()[pri:4, instance:com.tutorialsninja.qa.testcases.RegisterTest@248e319b]" started-at="2023-08-26T18:11:38 IST" name="verifyRegisteringAccountWithoutProvidingAnyDetails" finished-at="2023-08-26T18:11:40 IST" duration-ms="1352" status="PASS">
          <reporter-output>
          </reporter-output>
        </test-method> <!-- verifyRegisteringAccountWithoutProvidingAnyDetails -->
        <test-method is-config="true" signature="tearDown()[pri:0, instance:com.tutorialsninja.qa.testcases.RegisterTest@248e319b]" started-at="2023-08-26T18:11:40 IST" name="tearDown" finished-at="2023-08-26T18:11:40 IST" duration-ms="219" status="PASS">
          <reporter-output>
          </reporter-output>
        </test-method> <!-- tearDown -->
      </class> <!-- com.tutorialsninja.qa.testcases.RegisterTest -->
      <class name="com.tutorialsninja.qa.testcases.SearchTest">
        <test-method is-config="true" signature="setup()[pri:0, instance:com.tutorialsninja.qa.testcases.SearchTest@5032714f]" started-at="2023-08-26T18:13:12 IST" name="setup" finished-at="2023-08-26T18:13:16 IST" duration-ms="3717" status="PASS">
          <reporter-output>
          </reporter-output>
        </test-method> <!-- setup -->
        <test-method signature="verifySearchWithValidProduct()[pri:1, instance:com.tutorialsninja.qa.testcases.SearchTest@5032714f]" started-at="2023-08-26T18:13:16 IST" name="verifySearchWithValidProduct" finished-at="2023-08-26T18:13:16 IST" duration-ms="392" status="PASS">
          <reporter-output>
          </reporter-output>
        </test-method> <!-- verifySearchWithValidProduct -->
        <test-method is-config="true" signature="tearDown()[pri:0, instance:com.tutorialsninja.qa.testcases.SearchTest@5032714f]" started-at="2023-08-26T18:13:16 IST" name="tearDown" finished-at="2023-08-26T18:13:17 IST" duration-ms="250" status="PASS">
          <reporter-output>
          </reporter-output>
        </test-method> <!-- tearDown -->
        <test-method is-config="true" signature="setup()[pri:0, instance:com.tutorialsninja.qa.testcases.SearchTest@5032714f]" started-at="2023-08-26T18:13:17 IST" name="setup" finished-at="2023-08-26T18:13:20 IST" duration-ms="3769" status="PASS">
          <reporter-output>
          </reporter-output>
        </test-method> <!-- setup -->
        <test-method signature="verifySearchWithInvalidProduct()[pri:2, instance:com.tutorialsninja.qa.testcases.SearchTest@5032714f]" started-at="2023-08-26T18:13:20 IST" name="verifySearchWithInvalidProduct" finished-at="2023-08-26T18:13:23 IST" duration-ms="2346" status="FAIL">
          <exception class="java.lang.AssertionError">
            <message>
              <![CDATA[no product message in search result is not displayed expected [abcd] but found [There is no product that matches the search criteria.]]]>
            </message>
            <full-stacktrace>
              <![CDATA[java.lang.AssertionError: no product message in search result is not displayed expected [abcd] but found [There is no product that matches the search criteria.]
at org.testng.Assert.fail(Assert.java:110)
at org.testng.Assert.failNotEquals(Assert.java:1577)
at org.testng.Assert.assertEqualsImpl(Assert.java:149)
at org.testng.Assert.assertEquals(Assert.java:131)
at org.testng.Assert.assertEquals(Assert.java:655)
at com.tutorialsninja.qa.testcases.SearchTest.verifySearchWithInvalidProduct(SearchTest.java:47)
at java.base/jdk.internal.reflect.DirectMethodHandleAccessor.invoke(DirectMethodHandleAccessor.java:104)
at java.base/java.lang.reflect.Method.invoke(Method.java:578)
at org.testng.internal.invokers.MethodInvocationHelper.invokeMethod(MethodInvocationHelper.java:139)
at org.testng.internal.invokers.TestInvoker.invokeMethod(TestInvoker.java:677)
at org.testng.internal.invokers.TestInvoker.invokeTestMethod(TestInvoker.java:221)
at org.testng.internal.invokers.MethodRunner.runInSequence(MethodRunner.java:50)
at org.testng.internal.invokers.TestInvoker$MethodInvocationAgent.invoke(TestInvoker.java:969)
at org.testng.internal.invokers.TestInvoker.invokeTestMethods(TestInvoker.java:194)
at org.testng.internal.invokers.TestMethodWorker.invokeTestMethods(TestMethodWorker.java:148)
at org.testng.internal.invokers.TestMethodWorker.run(TestMethodWorker.java:128)
at java.base/java.util.ArrayList.forEach(ArrayList.java:1511)
at org.testng.TestRunner.privateRun(TestRunner.java:829)
at org.testng.TestRunner.run(TestRunner.java:602)
at org.testng.SuiteRunner.runTest(SuiteRunner.java:437)
at org.testng.SuiteRunner.runSequentially(SuiteRunner.java:431)
at org.testng.SuiteRunner.privateRun(SuiteRunner.java:391)
at org.testng.SuiteRunner.run(SuiteRunner.java:330)
at org.testng.SuiteRunnerWorker.runSuite(SuiteRunnerWorker.java:52)
at org.testng.SuiteRunnerWorker.run(SuiteRunnerWorker.java:95)
at org.testng.TestNG.runSuitesSequentially(TestNG.java:1256)
at org.testng.TestNG.runSuitesLocally(TestNG.java:1176)
at org.testng.TestNG.runSuites(TestNG.java:1099)
at org.testng.TestNG.run(TestNG.java:1067)
at org.testng.remote.AbstractRemoteTestNG.run(AbstractRemoteTestNG.java:115)
at org.testng.remote.RemoteTestNG.initAndRun(RemoteTestNG.java:251)
at org.testng.remote.RemoteTestNG.main(RemoteTestNG.java:77)
]]>
            </full-stacktrace>
          </exception> <!-- java.lang.AssertionError -->
          <reporter-output>
          </reporter-output>
        </test-method> <!-- verifySearchWithInvalidProduct -->
        <test-method is-config="true" signature="tearDown()[pri:0, instance:com.tutorialsninja.qa.testcases.SearchTest@5032714f]" started-at="2023-08-26T18:13:23 IST" name="tearDown" finished-at="2023-08-26T18:13:23 IST" duration-ms="223" status="PASS">
          <reporter-output>
          </reporter-output>
        </test-method> <!-- tearDown -->
        <test-method signature="verifySearchWithoutAnyProduct()[pri:3, instance:com.tutorialsninja.qa.testcases.SearchTest@5032714f]" started-at="2023-08-26T18:13:23 IST" name="verifySearchWithoutAnyProduct" finished-at="2023-08-26T18:13:23 IST" depends-on-methods="com.tutorialsninja.qa.testcases.SearchTest.verifySearchWithValidProduct, com.tutorialsninja.qa.testcases.SearchTest.verifySearchWithInvalidProduct" duration-ms="0" status="SKIP">
          <exception class="java.lang.Throwable">
            <message>
              <![CDATA[Method com.tutorialsninja.qa.testcases.SearchTest.verifySearchWithoutAnyProduct() on instance com.tutorialsninja.qa.testcases.SearchTest@5032714f depends on not successfully finished methods 
[com.tutorialsninja.qa.testcases.SearchTest.verifySearchWithValidProduct() on instance com.tutorialsninja.qa.testcases.SearchTest@5032714f
com.tutorialsninja.qa.testcases.SearchTest.verifySearchWithInvalidProduct() on instance com.tutorialsninja.qa.testcases.SearchTest@5032714f]]]>
            </message>
            <full-stacktrace>
              <![CDATA[java.lang.Throwable: Method com.tutorialsninja.qa.testcases.SearchTest.verifySearchWithoutAnyProduct() on instance com.tutorialsninja.qa.testcases.SearchTest@5032714f depends on not successfully finished methods 
[com.tutorialsninja.qa.testcases.SearchTest.verifySearchWithValidProduct() on instance com.tutorialsninja.qa.testcases.SearchTest@5032714f
com.tutorialsninja.qa.testcases.SearchTest.verifySearchWithInvalidProduct() on instance com.tutorialsninja.qa.testcases.SearchTest@5032714f]
at org.testng.internal.invokers.TestInvoker.invokeTestMethods(TestInvoker.java:150)
at org.testng.internal.invokers.TestMethodWorker.invokeTestMethods(TestMethodWorker.java:148)
at org.testng.internal.invokers.TestMethodWorker.run(TestMethodWorker.java:128)
at java.base/java.util.ArrayList.forEach(ArrayList.java:1511)
at org.testng.TestRunner.privateRun(TestRunner.java:829)
at org.testng.TestRunner.run(TestRunner.java:602)
at org.testng.SuiteRunner.runTest(SuiteRunner.java:437)
at org.testng.SuiteRunner.runSequentially(SuiteRunner.java:431)
at org.testng.SuiteRunner.privateRun(SuiteRunner.java:391)
at org.testng.SuiteRunner.run(SuiteRunner.java:330)
at org.testng.SuiteRunnerWorker.runSuite(SuiteRunnerWorker.java:52)
at org.testng.SuiteRunnerWorker.run(SuiteRunnerWorker.java:95)
at org.testng.TestNG.runSuitesSequentially(TestNG.java:1256)
at org.testng.TestNG.runSuitesLocally(TestNG.java:1176)
at org.testng.TestNG.runSuites(TestNG.java:1099)
at org.testng.TestNG.run(TestNG.java:1067)
at org.testng.remote.AbstractRemoteTestNG.run(AbstractRemoteTestNG.java:115)
at org.testng.remote.RemoteTestNG.initAndRun(RemoteTestNG.java:251)
at org.testng.remote.RemoteTestNG.main(RemoteTestNG.java:77)
]]>
            </full-stacktrace>
          </exception> <!-- java.lang.Throwable -->
          <reporter-output>
          </reporter-output>
        </test-method> <!-- verifySearchWithoutAnyProduct -->
      </class> <!-- com.tutorialsninja.qa.testcases.SearchTest -->
      <class name="com.tutorialsninja.qa.testcases.LoginTest">
        <test-method is-config="true" signature="setup()[pri:0, instance:com.tutorialsninja.qa.testcases.LoginTest@33bc72d1]" started-at="2023-08-26T18:11:40 IST" name="setup" finished-at="2023-08-26T18:12:02 IST" duration-ms="21264" status="PASS">
          <reporter-output>
          </reporter-output>
        </test-method> <!-- setup -->
        <test-method signature="verifyLoginWithValidCredentials(java.lang.String,java.lang.String)[pri:1, instance:com.tutorialsninja.qa.testcases.LoginTest@33bc72d1]" started-at="2023-08-26T18:12:02 IST" name="verifyLoginWithValidCredentials" data-provider="validCredentialsSupplyer" finished-at="2023-08-26T18:12:04 IST" duration-ms="2377" status="PASS">
          <params>
            <param index="0">
              <value>
                <![CDATA[rajeshdemoaccount@gmail.com]]>
              </value>
            </param>
            <param index="1">
              <value>
                <![CDATA[God@1010]]>
              </value>
            </param>
          </params>
          <reporter-output>
          </reporter-output>
        </test-method> <!-- verifyLoginWithValidCredentials -->
        <test-method is-config="true" signature="tearDown()[pri:0, instance:com.tutorialsninja.qa.testcases.LoginTest@33bc72d1]" started-at="2023-08-26T18:12:04 IST" name="tearDown" finished-at="2023-08-26T18:12:04 IST" duration-ms="206" status="PASS">
          <reporter-output>
          </reporter-output>
        </test-method> <!-- tearDown -->
        <test-method is-config="true" signature="setup()[pri:0, instance:com.tutorialsninja.qa.testcases.LoginTest@33bc72d1]" started-at="2023-08-26T18:12:04 IST" name="setup" finished-at="2023-08-26T18:12:10 IST" duration-ms="5479" status="PASS">
          <reporter-output>
          </reporter-output>
        </test-method> <!-- setup -->
        <test-method signature="verifyLoginWithValidCredentials(java.lang.String,java.lang.String)[pri:1, instance:com.tutorialsninja.qa.testcases.LoginTest@33bc72d1]" started-at="2023-08-26T18:12:10 IST" name="verifyLoginWithValidCredentials" data-provider="validCredentialsSupplyer" finished-at="2023-08-26T18:12:12 IST" duration-ms="1929" status="PASS">
          <params>
            <param index="0">
              <value>
                <![CDATA[asishdemoaccount@gmail.com]]>
              </value>
            </param>
            <param index="1">
              <value>
                <![CDATA[Good@1010]]>
              </value>
            </param>
          </params>
          <reporter-output>
          </reporter-output>
        </test-method> <!-- verifyLoginWithValidCredentials -->
        <test-method is-config="true" signature="tearDown()[pri:0, instance:com.tutorialsninja.qa.testcases.LoginTest@33bc72d1]" started-at="2023-08-26T18:12:12 IST" name="tearDown" finished-at="2023-08-26T18:12:12 IST" duration-ms="255" status="PASS">
          <reporter-output>
          </reporter-output>
        </test-method> <!-- tearDown -->
        <test-method is-config="true" signature="setup()[pri:0, instance:com.tutorialsninja.qa.testcases.LoginTest@33bc72d1]" started-at="2023-08-26T18:12:12 IST" name="setup" finished-at="2023-08-26T18:12:16 IST" duration-ms="4501" status="PASS">
          <reporter-output>
          </reporter-output>
        </test-method> <!-- setup -->
        <test-method signature="verifyLoginWithValidCredentials(java.lang.String,java.lang.String)[pri:1, instance:com.tutorialsninja.qa.testcases.LoginTest@33bc72d1]" started-at="2023-08-26T18:12:16 IST" name="verifyLoginWithValidCredentials" data-provider="validCredentialsSupplyer" finished-at="2023-08-26T18:12:20 IST" duration-ms="3907" status="PASS">
          <params>
            <param index="0">
              <value>
                <![CDATA[prakashdemoaccount@gmail.com]]>
              </value>
            </param>
            <param index="1">
              <value>
                <![CDATA[Goood@1010]]>
              </value>
            </param>
          </params>
          <reporter-output>
          </reporter-output>
        </test-method> <!-- verifyLoginWithValidCredentials -->
        <test-method is-config="true" signature="tearDown()[pri:0, instance:com.tutorialsninja.qa.testcases.LoginTest@33bc72d1]" started-at="2023-08-26T18:12:20 IST" name="tearDown" finished-at="2023-08-26T18:12:20 IST" duration-ms="201" status="PASS">
          <reporter-output>
          </reporter-output>
        </test-method> <!-- tearDown -->
        <test-method is-config="true" signature="setup()[pri:0, instance:com.tutorialsninja.qa.testcases.LoginTest@33bc72d1]" started-at="2023-08-26T18:12:20 IST" name="setup" finished-at="2023-08-26T18:12:31 IST" duration-ms="10593" status="PASS">
          <reporter-output>
          </reporter-output>
        </test-method> <!-- setup -->
        <test-method signature="verifyLoginWithInvalidCredentials()[pri:2, instance:com.tutorialsninja.qa.testcases.LoginTest@33bc72d1]" started-at="2023-08-26T18:12:31 IST" name="verifyLoginWithInvalidCredentials" finished-at="2023-08-26T18:12:32 IST" duration-ms="543" status="PASS">
          <reporter-output>
          </reporter-output>
        </test-method> <!-- verifyLoginWithInvalidCredentials -->
        <test-method is-config="true" signature="tearDown()[pri:0, instance:com.tutorialsninja.qa.testcases.LoginTest@33bc72d1]" started-at="2023-08-26T18:12:32 IST" name="tearDown" finished-at="2023-08-26T18:12:32 IST" duration-ms="209" status="PASS">
          <reporter-output>
          </reporter-output>
        </test-method> <!-- tearDown -->
        <test-method is-config="true" signature="setup()[pri:0, instance:com.tutorialsninja.qa.testcases.LoginTest@33bc72d1]" started-at="2023-08-26T18:12:32 IST" name="setup" finished-at="2023-08-26T18:12:42 IST" duration-ms="10509" status="PASS">
          <reporter-output>
          </reporter-output>
        </test-method> <!-- setup -->
        <test-method signature="verifyLoginWithInvalidEmailAndValidPassword()[pri:3, instance:com.tutorialsninja.qa.testcases.LoginTest@33bc72d1]" started-at="2023-08-26T18:12:42 IST" name="verifyLoginWithInvalidEmailAndValidPassword" finished-at="2023-08-26T18:12:43 IST" duration-ms="657" status="PASS">
          <reporter-output>
          </reporter-output>
        </test-method> <!-- verifyLoginWithInvalidEmailAndValidPassword -->
        <test-method is-config="true" signature="tearDown()[pri:0, instance:com.tutorialsninja.qa.testcases.LoginTest@33bc72d1]" started-at="2023-08-26T18:12:43 IST" name="tearDown" finished-at="2023-08-26T18:12:43 IST" duration-ms="235" status="PASS">
          <reporter-output>
          </reporter-output>
        </test-method> <!-- tearDown -->
        <test-method is-config="true" signature="setup()[pri:0, instance:com.tutorialsninja.qa.testcases.LoginTest@33bc72d1]" started-at="2023-08-26T18:12:43 IST" name="setup" finished-at="2023-08-26T18:12:56 IST" duration-ms="12840" status="PASS">
          <reporter-output>
          </reporter-output>
        </test-method> <!-- setup -->
        <test-method signature="verifyLoginWithValidEmailAndInvalidPassword()[pri:4, instance:com.tutorialsninja.qa.testcases.LoginTest@33bc72d1]" started-at="2023-08-26T18:12:56 IST" name="verifyLoginWithValidEmailAndInvalidPassword" finished-at="2023-08-26T18:12:58 IST" duration-ms="2371" status="PASS">
          <reporter-output>
          </reporter-output>
        </test-method> <!-- verifyLoginWithValidEmailAndInvalidPassword -->
        <test-method is-config="true" signature="tearDown()[pri:0, instance:com.tutorialsninja.qa.testcases.LoginTest@33bc72d1]" started-at="2023-08-26T18:12:58 IST" name="tearDown" finished-at="2023-08-26T18:12:59 IST" duration-ms="241" status="PASS">
          <reporter-output>
          </reporter-output>
        </test-method> <!-- tearDown -->
        <test-method is-config="true" signature="setup()[pri:0, instance:com.tutorialsninja.qa.testcases.LoginTest@33bc72d1]" started-at="2023-08-26T18:12:59 IST" name="setup" finished-at="2023-08-26T18:13:11 IST" duration-ms="12823" status="PASS">
          <reporter-output>
          </reporter-output>
        </test-method> <!-- setup -->
        <test-method signature="verifyLoginWithoutProvidingCredentials()[pri:5, instance:com.tutorialsninja.qa.testcases.LoginTest@33bc72d1]" started-at="2023-08-26T18:13:11 IST" name="verifyLoginWithoutProvidingCredentials" finished-at="2023-08-26T18:13:12 IST" duration-ms="611" status="PASS">
          <reporter-output>
          </reporter-output>
        </test-method> <!-- verifyLoginWithoutProvidingCredentials -->
        <test-method is-config="true" signature="tearDown()[pri:0, instance:com.tutorialsninja.qa.testcases.LoginTest@33bc72d1]" started-at="2023-08-26T18:13:12 IST" name="tearDown" finished-at="2023-08-26T18:13:12 IST" duration-ms="274" status="PASS">
          <reporter-output>
          </reporter-output>
        </test-method> <!-- tearDown -->
      </class> <!-- com.tutorialsninja.qa.testcases.LoginTest -->
    </test> <!-- TutorialsNinja Tests -->
  </suite> <!-- Tutorial Ninja Automation Suite -->
</testng-results>
